a: 3
abstraida: 1
ahora: 1
alma: 1
alocado: 1
arbol: 1
aun: 1
ay: 1
años: 1
bajo: 1
brazos: 1
camino: 1
campo: 1
carro: 1
clavada: 1
conmigo: 1
cruzo: 1
de: 6
del: 1
desde: 1
dia: 1
dormir: 1
el: 5
emparvado: 1
en: 4
epidermis: 1
ese: 1
espigas: 1
estoy: 1
fondo: 1
fragancias: 1
ha: 1
hace: 1
hasta: 1
hondos: 1
la: 2
labios: 1
lado: 1
llevarte: 1
los: 2
me: 2
mi: 1
misma: 1
morena: 1
muchacha: 1
no: 3
noche: 1
ojos: 1
pasar: 1
pesado: 1
pitanga: 1
pretendas: 1
que: 5
quedado: 1
quisiera: 1
rechinante: 1
recto: 1
recuerdos: 1
ria: 1
sabes: 1
sabor: 1
salvaje: 1
se: 1
sembrando: 1
soy: 1
sube: 1
techo: 1
tiene: 1
trajiste: 1
trigo: 2
tu: 2
tus: 1
un: 2
una: 1
vision: 1
y: 2
